# JRE version: Java(TM) SE Runtime Environment (8.0_111-b14) (build 1.8.0_111-b14)
# Java VM: Java HotSpot(TM) 64-Bit Server VM (25.111-b14 mixed mode windows-amd64 compressed oops)
Heap:
 PSYoungGen      total 316928K, used 129338K [0x00000000d5c00000, 0x00000000ebc80000, 0x0000000100000000)
  eden space 297984K, 43% used [0x00000000d5c00000,0x00000000dda4ea00,0x00000000e7f00000)
  from space 18944K, 0% used [0x00000000e9480000,0x00000000e9480000,0x00000000ea700000)
  to   space 22016K, 0% used [0x00000000e7f00000,0x00000000e7f00000,0x00000000e9480000)
 ParOldGen       total 109568K, used 30138K [0x0000000081400000, 0x0000000087f00000, 0x00000000d5c00000)
  object space 109568K, 27% used [0x0000000081400000,0x000000008316e998,0x0000000087f00000)
 Metaspace       used 40196K, capacity 40812K, committed 41048K, reserved 1085440K
  class space    used 5303K, capacity 5444K, committed 5504K, reserved 1048576K
GC Heap History (10 events):
Event: 3.912 GC heap before
{Heap before GC invocations=6 (full 1):
 PSYoungGen      total 138240K, used 133120K [0x00000000d5c00000, 0x00000000de800000, 0x0000000100000000)
  eden space 133120K, 100% used [0x00000000d5c00000,0x00000000dde00000,0x00000000dde00000)
  from space 5120K, 0% used [0x00000000de300000,0x00000000de300000,0x00000000de800000)
  to   space 5120K, 0% used [0x00000000dde00000,0x00000000dde00000,0x00000000de300000)
 ParOldGen       total 61440K, used 8145K [0x0000000081400000, 0x0000000085000000, 0x00000000d5c00000)
  object space 61440K, 13% used [0x0000000081400000,0x0000000081bf46c8,0x0000000085000000)
 Metaspace       used 23619K, capacity 23950K, committed 24192K, reserved 1071104K
  class space    used 3060K, capacity 3169K, committed 3200K, reserved 1048576K
Event: 3.920 GC heap after
Heap after GC invocations=6 (full 1):
 PSYoungGen      total 138240K, used 5097K [0x00000000d5c00000, 0x00000000e3480000, 0x0000000100000000)
  eden space 133120K, 0% used [0x00000000d5c00000,0x00000000d5c00000,0x00000000dde00000)
  from space 5120K, 99% used [0x00000000dde00000,0x00000000de2fa5a0,0x00000000de300000)
  to   space 10240K, 0% used [0x00000000e2a80000,0x00000000e2a80000,0x00000000e3480000)
 ParOldGen       total 61440K, used 9427K [0x0000000081400000, 0x0000000085000000, 0x00000000d5c00000)
  object space 61440K, 15% used [0x0000000081400000,0x0000000081d34ee8,0x0000000085000000)
 Metaspace       used 23619K, capacity 23950K, committed 24192K, reserved 1071104K
  class space    used 3060K, capacity 3169K, committed 3200K, reserved 1048576K
}
Event: 4.624 GC heap before
{Heap before GC invocations=7 (full 1):
 PSYoungGen      total 138240K, used 138217K [0x00000000d5c00000, 0x00000000e3480000, 0x0000000100000000)
  eden space 133120K, 100% used [0x00000000d5c00000,0x00000000dde00000,0x00000000dde00000)
  from space 5120K, 99% used [0x00000000dde00000,0x00000000de2fa5a0,0x00000000de300000)
  to   space 10240K, 0% used [0x00000000e2a80000,0x00000000e2a80000,0x00000000e3480000)
 ParOldGen       total 61440K, used 9427K [0x0000000081400000, 0x0000000085000000, 0x00000000d5c00000)
  object space 61440K, 15% used [0x0000000081400000,0x0000000081d34ee8,0x0000000085000000)
 Metaspace       used 28397K, capacity 28814K, committed 29184K, reserved 1075200K
  class space    used 3643K, capacity 3756K, committed 3840K, reserved 1048576K
Event: 4.641 GC heap after
Heap after GC invocations=7 (full 1):
 PSYoungGen      total 207872K, used 10233K [0x00000000d5c00000, 0x00000000e3e80000, 0x0000000100000000)
  eden space 197632K, 0% used [0x00000000d5c00000,0x00000000d5c00000,0x00000000e1d00000)
  from space 10240K, 99% used [0x00000000e2a80000,0x00000000e347e490,0x00000000e3480000)
  to   space 13824K, 0% used [0x00000000e1d00000,0x00000000e1d00000,0x00000000e2a80000)
 ParOldGen       total 61440K, used 13993K [0x0000000081400000, 0x0000000085000000, 0x00000000d5c00000)
  object space 61440K, 22% used [0x0000000081400000,0x00000000821aa5a0,0x0000000085000000)
 Metaspace       used 28397K, capacity 28814K, committed 29184K, reserved 1075200K
  class space    used 3643K, capacity 3756K, committed 3840K, reserved 1048576K
}
Event: 5.947 GC heap before
{Heap before GC invocations=8 (full 1):
 PSYoungGen      total 207872K, used 207865K [0x00000000d5c00000, 0x00000000e3e80000, 0x0000000100000000)
  eden space 197632K, 100% used [0x00000000d5c00000,0x00000000e1d00000,0x00000000e1d00000)
  from space 10240K, 99% used [0x00000000e2a80000,0x00000000e347e490,0x00000000e3480000)
  to   space 13824K, 0% used [0x00000000e1d00000,0x00000000e1d00000,0x00000000e2a80000)
 ParOldGen       total 61440K, used 13993K [0x0000000081400000, 0x0000000085000000, 0x00000000d5c00000)
  object space 61440K, 22% used [0x0000000081400000,0x00000000821aa5a0,0x0000000085000000)
 Metaspace       used 31744K, capacity 32166K, committed 32512K, reserved 1077248K
  class space    used 4104K, capacity 4231K, committed 4352K, reserved 1048576K
Event: 5.969 GC heap after
Heap after GC invocations=8 (full 1):
 PSYoungGen      total 211456K, used 13821K [0x00000000d5c00000, 0x00000000ea700000, 0x0000000100000000)
  eden space 197632K, 0% used [0x00000000d5c00000,0x00000000d5c00000,0x00000000e1d00000)
  from space 13824K, 99% used [0x00000000e1d00000,0x00000000e2a7f490,0x00000000e2a80000)
  to   space 18944K, 0% used [0x00000000e9480000,0x00000000e9480000,0x00000000ea700000)
 ParOldGen       total 61440K, used 20395K [0x0000000081400000, 0x0000000085000000, 0x00000000d5c00000)
  object space 61440K, 33% used [0x0000000081400000,0x00000000827eafa8,0x0000000085000000)
 Metaspace       used 31744K, capacity 32166K, committed 32512K, reserved 1077248K
  class space    used 4104K, capacity 4231K, committed 4352K, reserved 1048576K
}
Event: 6.373 GC heap before
{Heap before GC invocations=9 (full 1):
 PSYoungGen      total 211456K, used 77244K [0x00000000d5c00000, 0x00000000ea700000, 0x0000000100000000)
  eden space 197632K, 32% used [0x00000000d5c00000,0x00000000d99efca0,0x00000000e1d00000)
  from space 13824K, 99% used [0x00000000e1d00000,0x00000000e2a7f490,0x00000000e2a80000)
  to   space 18944K, 0% used [0x00000000e9480000,0x00000000e9480000,0x00000000ea700000)
 ParOldGen       total 61440K, used 20395K [0x0000000081400000, 0x0000000085000000, 0x00000000d5c00000)
  object space 61440K, 33% used [0x0000000081400000,0x00000000827eafa8,0x0000000085000000)
 Metaspace       used 34799K, capacity 35318K, committed 35416K, reserved 1079296K
  class space    used 4548K, capacity 4719K, committed 4736K, reserved 1048576K
Event: 6.393 GC heap after
Heap after GC invocations=9 (full 1):
 PSYoungGen      total 316928K, used 18890K [0x00000000d5c00000, 0x00000000ebc80000, 0x0000000100000000)
  eden space 297984K, 0% used [0x00000000d5c00000,0x00000000d5c00000,0x00000000e7f00000)
  from space 18944K, 99% used [0x00000000e9480000,0x00000000ea6f2be0,0x00000000ea700000)
  to   space 22016K, 0% used [0x00000000e7f00000,0x00000000e7f00000,0x00000000e9480000)
 ParOldGen       total 61440K, used 20403K [0x0000000081400000, 0x0000000085000000, 0x00000000d5c00000)
  object space 61440K, 33% used [0x0000000081400000,0x00000000827ecfa8,0x0000000085000000)
 Metaspace       used 34799K, capacity 35318K, committed 35416K, reserved 1079296K
  class space    used 4548K, capacity 4719K, committed 4736K, reserved 1048576K
}
Event: 6.393 GC heap before
{Heap before GC invocations=10 (full 2):
 PSYoungGen      total 316928K, used 18890K [0x00000000d5c00000, 0x00000000ebc80000, 0x0000000100000000)
  eden space 297984K, 0% used [0x00000000d5c00000,0x00000000d5c00000,0x00000000e7f00000)
  from space 18944K, 99% used [0x00000000e9480000,0x00000000ea6f2be0,0x00000000ea700000)
  to   space 22016K, 0% used [0x00000000e7f00000,0x00000000e7f00000,0x00000000e9480000)
 ParOldGen       total 61440K, used 20403K [0x0000000081400000, 0x0000000085000000, 0x00000000d5c00000)
  object space 61440K, 33% used [0x0000000081400000,0x00000000827ecfa8,0x0000000085000000)
 Metaspace       used 34799K, capacity 35318K, committed 35416K, reserved 1079296K
  class space    used 4548K, capacity 4719K, committed 4736K, reserved 1048576K
Event: 6.526 GC heap after
Heap after GC invocations=10 (full 2):
 PSYoungGen      total 316928K, used 0K [0x00000000d5c00000, 0x00000000ebc80000, 0x0000000100000000)
  eden space 297984K, 0% used [0x00000000d5c00000,0x00000000d5c00000,0x00000000e7f00000)
  from space 18944K, 0% used [0x00000000e9480000,0x00000000e9480000,0x00000000ea700000)
  to   space 22016K, 0% used [0x00000000e7f00000,0x00000000e7f00000,0x00000000e9480000)
 ParOldGen       total 109568K, used 30138K [0x0000000081400000, 0x0000000087f00000, 0x00000000d5c00000)
  object space 109568K, 27% used [0x0000000081400000,0x000000008316e998,0x0000000087f00000)
 Metaspace       used 34799K, capacity 35318K, committed 35416K, reserved 1079296K
  class space    used 4548K, capacity 4719K, committed 4736K, reserved 1048576K
}

