# JRE version: Java(TM) SE Runtime Environment (8.0_111-b14) (build 1.8.0_111-b14)
# Java VM: Java HotSpot(TM) 64-Bit Server VM (25.111-b14 mixed mode windows-amd64 compressed oops)
Heap:
 PSYoungGen      total 311808K, used 233828K [0x00000000d5c00000, 0x00000000efa80000, 0x0000000100000000)
  eden space 296448K, 73% used [0x00000000d5c00000,0x00000000e315c8d8,0x00000000e7d80000)
  from space 15360K, 99% used [0x00000000e7d80000,0x00000000e8c7ca70,0x00000000e8c80000)
  to   space 17408K, 0% used [0x00000000ee980000,0x00000000ee980000,0x00000000efa80000)
 ParOldGen       total 98304K, used 27750K [0x0000000081400000, 0x0000000087400000, 0x00000000d5c00000)
  object space 98304K, 28% used [0x0000000081400000,0x0000000082f198a0,0x0000000087400000)
 Metaspace       used 43648K, capacity 44372K, committed 44416K, reserved 1087488K
  class space    used 5826K, capacity 5978K, committed 6016K, reserved 1048576K
GC Heap History (10 events):
Event: 4.687 GC heap before
{Heap before GC invocations=9 (full 1):
 PSYoungGen      total 141824K, used 137552K [0x00000000d5c00000, 0x00000000e4600000, 0x0000000100000000)
  eden space 133120K, 100% used [0x00000000d5c00000,0x00000000dde00000,0x00000000dde00000)
  from space 8704K, 50% used [0x00000000dde00000,0x00000000de2542d0,0x00000000de680000)
  to   space 8704K, 0% used [0x00000000e3d80000,0x00000000e3d80000,0x00000000e4600000)
 ParOldGen       total 53248K, used 6553K [0x0000000081400000, 0x0000000084800000, 0x00000000d5c00000)
  object space 53248K, 12% used [0x0000000081400000,0x0000000081a667e8,0x0000000084800000)
 Metaspace       used 24912K, capacity 25378K, committed 25728K, reserved 1071104K
  class space    used 3241K, capacity 3398K, committed 3456K, reserved 1048576K
Event: 4.702 GC heap after
Heap after GC invocations=9 (full 1):
 PSYoungGen      total 225280K, used 8167K [0x00000000d5c00000, 0x00000000e4580000, 0x0000000100000000)
  eden space 217088K, 0% used [0x00000000d5c00000,0x00000000d5c00000,0x00000000e3000000)
  from space 8192K, 99% used [0x00000000e3d80000,0x00000000e4579ff0,0x00000000e4580000)
  to   space 9216K, 0% used [0x00000000e3380000,0x00000000e3380000,0x00000000e3c80000)
 ParOldGen       total 53248K, used 6561K [0x0000000081400000, 0x0000000084800000, 0x00000000d5c00000)
  object space 53248K, 12% used [0x0000000081400000,0x0000000081a687e8,0x0000000084800000)
 Metaspace       used 24912K, capacity 25378K, committed 25728K, reserved 1071104K
  class space    used 3241K, capacity 3398K, committed 3456K, reserved 1048576K
}
Event: 6.775 GC heap before
{Heap before GC invocations=10 (full 1):
 PSYoungGen      total 225280K, used 225255K [0x00000000d5c00000, 0x00000000e4580000, 0x0000000100000000)
  eden space 217088K, 100% used [0x00000000d5c00000,0x00000000e3000000,0x00000000e3000000)
  from space 8192K, 99% used [0x00000000e3d80000,0x00000000e4579ff0,0x00000000e4580000)
  to   space 9216K, 0% used [0x00000000e3380000,0x00000000e3380000,0x00000000e3c80000)
 ParOldGen       total 53248K, used 6561K [0x0000000081400000, 0x0000000084800000, 0x00000000d5c00000)
  object space 53248K, 12% used [0x0000000081400000,0x0000000081a687e8,0x0000000084800000)
 Metaspace       used 31568K, capacity 31980K, committed 32256K, reserved 1077248K
  class space    used 4134K, capacity 4244K, committed 4352K, reserved 1048576K
Event: 6.810 GC heap after
Heap after GC invocations=10 (full 1):
 PSYoungGen      total 229888K, used 9197K [0x00000000d5c00000, 0x00000000e9c00000, 0x0000000100000000)
  eden space 220672K, 0% used [0x00000000d5c00000,0x00000000d5c00000,0x00000000e3380000)
  from space 9216K, 99% used [0x00000000e3380000,0x00000000e3c7b618,0x00000000e3c80000)
  to   space 15872K, 0% used [0x00000000e8c80000,0x00000000e8c80000,0x00000000e9c00000)
 ParOldGen       total 53248K, used 21021K [0x0000000081400000, 0x0000000084800000, 0x00000000d5c00000)
  object space 53248K, 39% used [0x0000000081400000,0x00000000828877b8,0x0000000084800000)
 Metaspace       used 31568K, capacity 31980K, committed 32256K, reserved 1077248K
  class space    used 4134K, capacity 4244K, committed 4352K, reserved 1048576K
}
Event: 7.913 GC heap before
{Heap before GC invocations=11 (full 1):
 PSYoungGen      total 229888K, used 86105K [0x00000000d5c00000, 0x00000000e9c00000, 0x0000000100000000)
  eden space 220672K, 34% used [0x00000000d5c00000,0x00000000da71aec8,0x00000000e3380000)
  from space 9216K, 99% used [0x00000000e3380000,0x00000000e3c7b618,0x00000000e3c80000)
  to   space 15872K, 0% used [0x00000000e8c80000,0x00000000e8c80000,0x00000000e9c00000)
 ParOldGen       total 53248K, used 21021K [0x0000000081400000, 0x0000000084800000, 0x00000000d5c00000)
  object space 53248K, 39% used [0x0000000081400000,0x00000000828877b8,0x0000000084800000)
 Metaspace       used 34782K, capacity 35246K, committed 35416K, reserved 1079296K
  class space    used 4675K, capacity 4815K, committed 4864K, reserved 1048576K
Event: 7.929 GC heap after
Heap after GC invocations=11 (full 1):
 PSYoungGen      total 311808K, used 8696K [0x00000000d5c00000, 0x00000000e9b80000, 0x0000000100000000)
  eden space 296448K, 0% used [0x00000000d5c00000,0x00000000d5c00000,0x00000000e7d80000)
  from space 15360K, 56% used [0x00000000e8c80000,0x00000000e94fe290,0x00000000e9b80000)
  to   space 15360K, 0% used [0x00000000e7d80000,0x00000000e7d80000,0x00000000e8c80000)
 ParOldGen       total 53248K, used 25397K [0x0000000081400000, 0x0000000084800000, 0x00000000d5c00000)
  object space 53248K, 47% used [0x0000000081400000,0x0000000082ccd4e8,0x0000000084800000)
 Metaspace       used 34782K, capacity 35246K, committed 35416K, reserved 1079296K
  class space    used 4675K, capacity 4815K, committed 4864K, reserved 1048576K
}
Event: 7.929 GC heap before
{Heap before GC invocations=12 (full 2):
 PSYoungGen      total 311808K, used 8696K [0x00000000d5c00000, 0x00000000e9b80000, 0x0000000100000000)
  eden space 296448K, 0% used [0x00000000d5c00000,0x00000000d5c00000,0x00000000e7d80000)
  from space 15360K, 56% used [0x00000000e8c80000,0x00000000e94fe290,0x00000000e9b80000)
  to   space 15360K, 0% used [0x00000000e7d80000,0x00000000e7d80000,0x00000000e8c80000)
 ParOldGen       total 53248K, used 25397K [0x0000000081400000, 0x0000000084800000, 0x00000000d5c00000)
  object space 53248K, 47% used [0x0000000081400000,0x0000000082ccd4e8,0x0000000084800000)
 Metaspace       used 34782K, capacity 35246K, committed 35416K, reserved 1079296K
  class space    used 4675K, capacity 4815K, committed 4864K, reserved 1048576K
Event: 8.025 GC heap after
Heap after GC invocations=12 (full 2):
 PSYoungGen      total 311808K, used 0K [0x00000000d5c00000, 0x00000000e9b80000, 0x0000000100000000)
  eden space 296448K, 0% used [0x00000000d5c00000,0x00000000d5c00000,0x00000000e7d80000)
  from space 15360K, 0% used [0x00000000e8c80000,0x00000000e8c80000,0x00000000e9b80000)
  to   space 15360K, 0% used [0x00000000e7d80000,0x00000000e7d80000,0x00000000e8c80000)
 ParOldGen       total 98304K, used 27451K [0x0000000081400000, 0x0000000087400000, 0x00000000d5c00000)
  object space 98304K, 27% used [0x0000000081400000,0x0000000082eced68,0x0000000087400000)
 Metaspace       used 34782K, capacity 35246K, committed 35416K, reserved 1079296K
  class space    used 4675K, capacity 4815K, committed 4864K, reserved 1048576K
}
Event: 9.730 GC heap before
{Heap before GC invocations=13 (full 2):
 PSYoungGen      total 311808K, used 296448K [0x00000000d5c00000, 0x00000000e9b80000, 0x0000000100000000)
  eden space 296448K, 100% used [0x00000000d5c00000,0x00000000e7d80000,0x00000000e7d80000)
  from space 15360K, 0% used [0x00000000e8c80000,0x00000000e8c80000,0x00000000e9b80000)
  to   space 15360K, 0% used [0x00000000e7d80000,0x00000000e7d80000,0x00000000e8c80000)
 ParOldGen       total 98304K, used 27451K [0x0000000081400000, 0x0000000087400000, 0x00000000d5c00000)
  object space 98304K, 27% used [0x0000000081400000,0x0000000082eced68,0x0000000087400000)
 Metaspace       used 40453K, capacity 41060K, committed 41216K, reserved 1085440K
  class space    used 5435K, capacity 5590K, committed 5632K, reserved 1048576K
Event: 9.747 GC heap after
Heap after GC invocations=13 (full 2):
 PSYoungGen      total 311808K, used 15346K [0x00000000d5c00000, 0x00000000efa80000, 0x0000000100000000)
  eden space 296448K, 0% used [0x00000000d5c00000,0x00000000d5c00000,0x00000000e7d80000)
  from space 15360K, 99% used [0x00000000e7d80000,0x00000000e8c7ca70,0x00000000e8c80000)
  to   space 17408K, 0% used [0x00000000ee980000,0x00000000ee980000,0x00000000efa80000)
 ParOldGen       total 98304K, used 27750K [0x0000000081400000, 0x0000000087400000, 0x00000000d5c00000)
  object space 98304K, 28% used [0x0000000081400000,0x0000000082f198a0,0x0000000087400000)
 Metaspace       used 40453K, capacity 41060K, committed 41216K, reserved 1085440K
  class space    used 5435K, capacity 5590K, committed 5632K, reserved 1048576K
}

