# JRE version: Java(TM) SE Runtime Environment (8.0_111-b14) (build 1.8.0_111-b14)
# Java VM: Java HotSpot(TM) 64-Bit Server VM (25.111-b14 mixed mode windows-amd64 compressed oops)
Heap:
 PSYoungGen      total 463872K, used 204890K [0x00000000d5c00000, 0x00000000f5780000, 0x0000000100000000)
  eden space 452608K, 42% used [0x00000000d5c00000,0x00000000e194cb00,0x00000000f1600000)
  from space 11264K, 98% used [0x00000000f4c80000,0x00000000f5749e28,0x00000000f5780000)
  to   space 16896K, 0% used [0x00000000f3680000,0x00000000f3680000,0x00000000f4700000)
 ParOldGen       total 87040K, used 23164K [0x0000000081400000, 0x0000000086900000, 0x00000000d5c00000)
  object space 87040K, 26% used [0x0000000081400000,0x0000000082a9f1a0,0x0000000086900000)
 Metaspace       used 47498K, capacity 48310K, committed 48728K, reserved 1091584K
  class space    used 6223K, capacity 6441K, committed 6528K, reserved 1048576K
GC Heap History (10 events):
Event: 7.094 GC heap before
{Heap before GC invocations=10 (full 1):
 PSYoungGen      total 240128K, used 239875K [0x00000000d5c00000, 0x00000000e6f80000, 0x0000000100000000)
  eden space 235008K, 100% used [0x00000000d5c00000,0x00000000e4180000,0x00000000e4180000)
  from space 5120K, 95% used [0x00000000e6a80000,0x00000000e6f40c70,0x00000000e6f80000)
  to   space 10240K, 0% used [0x00000000e5b80000,0x00000000e5b80000,0x00000000e6580000)
 ParOldGen       total 51712K, used 6755K [0x0000000081400000, 0x0000000084680000, 0x00000000d5c00000)
  object space 51712K, 13% used [0x0000000081400000,0x0000000081a98ff0,0x0000000084680000)
 Metaspace       used 26217K, capacity 26668K, committed 26880K, reserved 1073152K
  class space    used 3456K, capacity 3569K, committed 3584K, reserved 1048576K
Event: 7.111 GC heap after
Heap after GC invocations=10 (full 1):
 PSYoungGen      total 271872K, used 9538K [0x00000000d5c00000, 0x00000000ebb80000, 0x0000000100000000)
  eden space 261632K, 0% used [0x00000000d5c00000,0x00000000d5c00000,0x00000000e5b80000)
  from space 10240K, 93% used [0x00000000e5b80000,0x00000000e64d0938,0x00000000e6580000)
  to   space 11264K, 0% used [0x00000000eb080000,0x00000000eb080000,0x00000000ebb80000)
 ParOldGen       total 51712K, used 6755K [0x0000000081400000, 0x0000000084680000, 0x00000000d5c00000)
  object space 51712K, 13% used [0x0000000081400000,0x0000000081a98ff0,0x0000000084680000)
 Metaspace       used 26217K, capacity 26668K, committed 26880K, reserved 1073152K
  class space    used 3456K, capacity 3569K, committed 3584K, reserved 1048576K
}
Event: 9.152 GC heap before
{Heap before GC invocations=11 (full 1):
 PSYoungGen      total 271872K, used 271170K [0x00000000d5c00000, 0x00000000ebb80000, 0x0000000100000000)
  eden space 261632K, 100% used [0x00000000d5c00000,0x00000000e5b80000,0x00000000e5b80000)
  from space 10240K, 93% used [0x00000000e5b80000,0x00000000e64d0938,0x00000000e6580000)
  to   space 11264K, 0% used [0x00000000eb080000,0x00000000eb080000,0x00000000ebb80000)
 ParOldGen       total 51712K, used 6755K [0x0000000081400000, 0x0000000084680000, 0x00000000d5c00000)
  object space 51712K, 13% used [0x0000000081400000,0x0000000081a98ff0,0x0000000084680000)
 Metaspace       used 33998K, capacity 34518K, committed 34944K, reserved 1079296K
  class space    used 4484K, capacity 4655K, committed 4736K, reserved 1048576K
Event: 9.188 GC heap after
Heap after GC invocations=11 (full 1):
 PSYoungGen      total 344064K, used 11255K [0x00000000d5c00000, 0x00000000ee600000, 0x0000000100000000)
  eden space 332800K, 0% used [0x00000000d5c00000,0x00000000d5c00000,0x00000000ea100000)
  from space 11264K, 99% used [0x00000000eb080000,0x00000000ebb7dd80,0x00000000ebb80000)
  to   space 15872K, 0% used [0x00000000ea100000,0x00000000ea100000,0x00000000eb080000)
 ParOldGen       total 51712K, used 16233K [0x0000000081400000, 0x0000000084680000, 0x00000000d5c00000)
  object space 51712K, 31% used [0x0000000081400000,0x00000000823da6c0,0x0000000084680000)
 Metaspace       used 33998K, capacity 34518K, committed 34944K, reserved 1079296K
  class space    used 4484K, capacity 4655K, committed 4736K, reserved 1048576K
}
Event: 9.496 GC heap before
{Heap before GC invocations=12 (full 1):
 PSYoungGen      total 344064K, used 54369K [0x00000000d5c00000, 0x00000000ee600000, 0x0000000100000000)
  eden space 332800K, 12% used [0x00000000d5c00000,0x00000000d861a9f8,0x00000000ea100000)
  from space 11264K, 99% used [0x00000000eb080000,0x00000000ebb7dd80,0x00000000ebb80000)
  to   space 15872K, 0% used [0x00000000ea100000,0x00000000ea100000,0x00000000eb080000)
 ParOldGen       total 51712K, used 16233K [0x0000000081400000, 0x0000000084680000, 0x00000000d5c00000)
  object space 51712K, 31% used [0x0000000081400000,0x00000000823da6c0,0x0000000084680000)
 Metaspace       used 34611K, capacity 35094K, committed 35416K, reserved 1079296K
  class space    used 4563K, capacity 4719K, committed 4736K, reserved 1048576K
Event: 9.529 GC heap after
Heap after GC invocations=12 (full 1):
 PSYoungGen      total 348672K, used 1588K [0x00000000d5c00000, 0x00000000f5c80000, 0x0000000100000000)
  eden space 332800K, 0% used [0x00000000d5c00000,0x00000000d5c00000,0x00000000ea100000)
  from space 15872K, 10% used [0x00000000ea100000,0x00000000ea28d2e0,0x00000000eb080000)
  to   space 16384K, 0% used [0x00000000f4c80000,0x00000000f4c80000,0x00000000f5c80000)
 ParOldGen       total 51712K, used 27459K [0x0000000081400000, 0x0000000084680000, 0x00000000d5c00000)
  object space 51712K, 53% used [0x0000000081400000,0x0000000082ed0e68,0x0000000084680000)
 Metaspace       used 34611K, capacity 35094K, committed 35416K, reserved 1079296K
  class space    used 4563K, capacity 4719K, committed 4736K, reserved 1048576K
}
Event: 9.529 GC heap before
{Heap before GC invocations=13 (full 2):
 PSYoungGen      total 348672K, used 1588K [0x00000000d5c00000, 0x00000000f5c80000, 0x0000000100000000)
  eden space 332800K, 0% used [0x00000000d5c00000,0x00000000d5c00000,0x00000000ea100000)
  from space 15872K, 10% used [0x00000000ea100000,0x00000000ea28d2e0,0x00000000eb080000)
  to   space 16384K, 0% used [0x00000000f4c80000,0x00000000f4c80000,0x00000000f5c80000)
 ParOldGen       total 51712K, used 27459K [0x0000000081400000, 0x0000000084680000, 0x00000000d5c00000)
  object space 51712K, 53% used [0x0000000081400000,0x0000000082ed0e68,0x0000000084680000)
 Metaspace       used 34611K, capacity 35094K, committed 35416K, reserved 1079296K
  class space    used 4563K, capacity 4719K, committed 4736K, reserved 1048576K
Event: 9.751 GC heap after
Heap after GC invocations=13 (full 2):
 PSYoungGen      total 348672K, used 0K [0x00000000d5c00000, 0x00000000f5c80000, 0x0000000100000000)
  eden space 332800K, 0% used [0x00000000d5c00000,0x00000000d5c00000,0x00000000ea100000)
  from space 15872K, 0% used [0x00000000ea100000,0x00000000ea100000,0x00000000eb080000)
  to   space 16384K, 0% used [0x00000000f4c80000,0x00000000f4c80000,0x00000000f5c80000)
 ParOldGen       total 87040K, used 23156K [0x0000000081400000, 0x0000000086900000, 0x00000000d5c00000)
  object space 87040K, 26% used [0x0000000081400000,0x0000000082a9d1a0,0x0000000086900000)
 Metaspace       used 34611K, capacity 35094K, committed 35416K, reserved 1079296K
  class space    used 4563K, capacity 4719K, committed 4736K, reserved 1048576K
}
Event: 11.600 GC heap before
{Heap before GC invocations=14 (full 2):
 PSYoungGen      total 348672K, used 332800K [0x00000000d5c00000, 0x00000000f5c80000, 0x0000000100000000)
  eden space 332800K, 100% used [0x00000000d5c00000,0x00000000ea100000,0x00000000ea100000)
  from space 15872K, 0% used [0x00000000ea100000,0x00000000ea100000,0x00000000eb080000)
  to   space 16384K, 0% used [0x00000000f4c80000,0x00000000f4c80000,0x00000000f5c80000)
 ParOldGen       total 87040K, used 23156K [0x0000000081400000, 0x0000000086900000, 0x00000000d5c00000)
  object space 87040K, 26% used [0x0000000081400000,0x0000000082a9d1a0,0x0000000086900000)
 Metaspace       used 37942K, capacity 38610K, committed 38744K, reserved 1083392K
  class space    used 5023K, capacity 5193K, committed 5248K, reserved 1048576K
Event: 11.615 GC heap after
Heap after GC invocations=14 (full 2):
 PSYoungGen      total 463872K, used 11047K [0x00000000d5c00000, 0x00000000f5780000, 0x0000000100000000)
  eden space 452608K, 0% used [0x00000000d5c00000,0x00000000d5c00000,0x00000000f1600000)
  from space 11264K, 98% used [0x00000000f4c80000,0x00000000f5749e28,0x00000000f5780000)
  to   space 16896K, 0% used [0x00000000f3680000,0x00000000f3680000,0x00000000f4700000)
 ParOldGen       total 87040K, used 23164K [0x0000000081400000, 0x0000000086900000, 0x00000000d5c00000)
  object space 87040K, 26% used [0x0000000081400000,0x0000000082a9f1a0,0x0000000086900000)
 Metaspace       used 37942K, capacity 38610K, committed 38744K, reserved 1083392K
  class space    used 5023K, capacity 5193K, committed 5248K, reserved 1048576K
}

