# JRE version: Java(TM) SE Runtime Environment (8.0_111-b14) (build 1.8.0_111-b14)
# Java VM: Java HotSpot(TM) 64-Bit Server VM (25.111-b14 mixed mode windows-amd64 compressed oops)
Heap:
 PSYoungGen      total 430592K, used 215036K [0x00000000d5c00000, 0x00000000f2580000, 0x0000000100000000)
  eden space 420352K, 48% used [0x00000000d5c00000,0x00000000e2445bc8,0x00000000ef680000)
  from space 10240K, 97% used [0x00000000f1b80000,0x00000000f25394a8,0x00000000f2580000)
  to   space 16896K, 0% used [0x00000000f0480000,0x00000000f0480000,0x00000000f1500000)
 ParOldGen       total 98816K, used 23281K [0x0000000081400000, 0x0000000087480000, 0x00000000d5c00000)
  object space 98816K, 23% used [0x0000000081400000,0x0000000082abc7e8,0x0000000087480000)
 Metaspace       used 47486K, capacity 48246K, committed 48728K, reserved 1091584K
  class space    used 6221K, capacity 6441K, committed 6528K, reserved 1048576K
GC Heap History (10 events):
Event: 7.915 GC heap before
{Heap before GC invocations=8 (full 1):
 PSYoungGen      total 211968K, used 211719K [0x00000000d5c00000, 0x00000000e7000000, 0x0000000100000000)
  eden space 206848K, 100% used [0x00000000d5c00000,0x00000000e2600000,0x00000000e2600000)
  from space 5120K, 95% used [0x00000000e6b00000,0x00000000e6fc1f50,0x00000000e7000000)
  to   space 11264K, 0% used [0x00000000e5a00000,0x00000000e5a00000,0x00000000e6500000)
 ParOldGen       total 60928K, used 8524K [0x0000000081400000, 0x0000000084f80000, 0x00000000d5c00000)
  object space 60928K, 13% used [0x0000000081400000,0x0000000081c53058,0x0000000084f80000)
 Metaspace       used 25831K, capacity 26188K, committed 26368K, reserved 1073152K
  class space    used 3391K, capacity 3498K, committed 3584K, reserved 1048576K
Event: 7.953 GC heap after
Heap after GC invocations=8 (full 1):
 PSYoungGen      total 271360K, used 8663K [0x00000000d5c00000, 0x00000000eb200000, 0x0000000100000000)
  eden space 260096K, 0% used [0x00000000d5c00000,0x00000000d5c00000,0x00000000e5a00000)
  from space 11264K, 76% used [0x00000000e5a00000,0x00000000e6275cd0,0x00000000e6500000)
  to   space 11776K, 0% used [0x00000000ea680000,0x00000000ea680000,0x00000000eb200000)
 ParOldGen       total 60928K, used 8532K [0x0000000081400000, 0x0000000084f80000, 0x00000000d5c00000)
  object space 60928K, 14% used [0x0000000081400000,0x0000000081c55058,0x0000000084f80000)
 Metaspace       used 25831K, capacity 26188K, committed 26368K, reserved 1073152K
  class space    used 3391K, capacity 3498K, committed 3584K, reserved 1048576K
}
Event: 10.621 GC heap before
{Heap before GC invocations=9 (full 1):
 PSYoungGen      total 271360K, used 268759K [0x00000000d5c00000, 0x00000000eb200000, 0x0000000100000000)
  eden space 260096K, 100% used [0x00000000d5c00000,0x00000000e5a00000,0x00000000e5a00000)
  from space 11264K, 76% used [0x00000000e5a00000,0x00000000e6275cd0,0x00000000e6500000)
  to   space 11776K, 0% used [0x00000000ea680000,0x00000000ea680000,0x00000000eb200000)
 ParOldGen       total 60928K, used 8532K [0x0000000081400000, 0x0000000084f80000, 0x00000000d5c00000)
  object space 60928K, 14% used [0x0000000081400000,0x0000000081c55058,0x0000000084f80000)
 Metaspace       used 33890K, capacity 34346K, committed 34688K, reserved 1079296K
  class space    used 4465K, capacity 4621K, committed 4736K, reserved 1048576K
Event: 10.649 GC heap after
Heap after GC invocations=9 (full 1):
 PSYoungGen      total 333312K, used 11755K [0x00000000d5c00000, 0x00000000f0680000, 0x0000000100000000)
  eden space 321536K, 0% used [0x00000000d5c00000,0x00000000d5c00000,0x00000000e9600000)
  from space 11776K, 99% used [0x00000000ea680000,0x00000000eb1fad80,0x00000000eb200000)
  to   space 16896K, 0% used [0x00000000e9600000,0x00000000e9600000,0x00000000ea680000)
 ParOldGen       total 60928K, used 16549K [0x0000000081400000, 0x0000000084f80000, 0x00000000d5c00000)
  object space 60928K, 27% used [0x0000000081400000,0x0000000082429558,0x0000000084f80000)
 Metaspace       used 33890K, capacity 34346K, committed 34688K, reserved 1079296K
  class space    used 4465K, capacity 4621K, committed 4736K, reserved 1048576K
}
Event: 11.145 GC heap before
{Heap before GC invocations=10 (full 1):
 PSYoungGen      total 333312K, used 93930K [0x00000000d5c00000, 0x00000000f0680000, 0x0000000100000000)
  eden space 321536K, 25% used [0x00000000d5c00000,0x00000000dac3fb88,0x00000000e9600000)
  from space 11776K, 99% used [0x00000000ea680000,0x00000000eb1fad80,0x00000000eb200000)
  to   space 16896K, 0% used [0x00000000e9600000,0x00000000e9600000,0x00000000ea680000)
 ParOldGen       total 60928K, used 16549K [0x0000000081400000, 0x0000000084f80000, 0x00000000d5c00000)
  object space 60928K, 27% used [0x0000000081400000,0x0000000082429558,0x0000000084f80000)
 Metaspace       used 34656K, capacity 35158K, committed 35416K, reserved 1079296K
  class space    used 4562K, capacity 4719K, committed 4736K, reserved 1048576K
Event: 11.164 GC heap after
Heap after GC invocations=10 (full 1):
 PSYoungGen      total 338432K, used 12646K [0x00000000d5c00000, 0x00000000f2c80000, 0x0000000100000000)
  eden space 321536K, 0% used [0x00000000d5c00000,0x00000000d5c00000,0x00000000e9600000)
  from space 16896K, 74% used [0x00000000e9600000,0x00000000ea259ba0,0x00000000ea680000)
  to   space 17408K, 0% used [0x00000000f1b80000,0x00000000f1b80000,0x00000000f2c80000)
 ParOldGen       total 60928K, used 18386K [0x0000000081400000, 0x0000000084f80000, 0x00000000d5c00000)
  object space 60928K, 30% used [0x0000000081400000,0x00000000825f4930,0x0000000084f80000)
 Metaspace       used 34656K, capacity 35158K, committed 35416K, reserved 1079296K
  class space    used 4562K, capacity 4719K, committed 4736K, reserved 1048576K
}
Event: 11.164 GC heap before
{Heap before GC invocations=11 (full 2):
 PSYoungGen      total 338432K, used 12646K [0x00000000d5c00000, 0x00000000f2c80000, 0x0000000100000000)
  eden space 321536K, 0% used [0x00000000d5c00000,0x00000000d5c00000,0x00000000e9600000)
  from space 16896K, 74% used [0x00000000e9600000,0x00000000ea259ba0,0x00000000ea680000)
  to   space 17408K, 0% used [0x00000000f1b80000,0x00000000f1b80000,0x00000000f2c80000)
 ParOldGen       total 60928K, used 18386K [0x0000000081400000, 0x0000000084f80000, 0x00000000d5c00000)
  object space 60928K, 30% used [0x0000000081400000,0x00000000825f4930,0x0000000084f80000)
 Metaspace       used 34656K, capacity 35158K, committed 35416K, reserved 1079296K
  class space    used 4562K, capacity 4719K, committed 4736K, reserved 1048576K
Event: 11.309 GC heap after
Heap after GC invocations=11 (full 2):
 PSYoungGen      total 338432K, used 0K [0x00000000d5c00000, 0x00000000f2c80000, 0x0000000100000000)
  eden space 321536K, 0% used [0x00000000d5c00000,0x00000000d5c00000,0x00000000e9600000)
  from space 16896K, 0% used [0x00000000e9600000,0x00000000e9600000,0x00000000ea680000)
  to   space 17408K, 0% used [0x00000000f1b80000,0x00000000f1b80000,0x00000000f2c80000)
 ParOldGen       total 98816K, used 23273K [0x0000000081400000, 0x0000000087480000, 0x00000000d5c00000)
  object space 98816K, 23% used [0x0000000081400000,0x0000000082aba7e8,0x0000000087480000)
 Metaspace       used 34656K, capacity 35158K, committed 35416K, reserved 1079296K
  class space    used 4562K, capacity 4719K, committed 4736K, reserved 1048576K
}
Event: 13.217 GC heap before
{Heap before GC invocations=12 (full 2):
 PSYoungGen      total 338432K, used 321536K [0x00000000d5c00000, 0x00000000f2c80000, 0x0000000100000000)
  eden space 321536K, 100% used [0x00000000d5c00000,0x00000000e9600000,0x00000000e9600000)
  from space 16896K, 0% used [0x00000000e9600000,0x00000000e9600000,0x00000000ea680000)
  to   space 17408K, 0% used [0x00000000f1b80000,0x00000000f1b80000,0x00000000f2c80000)
 ParOldGen       total 98816K, used 23273K [0x0000000081400000, 0x0000000087480000, 0x00000000d5c00000)
  object space 98816K, 23% used [0x0000000081400000,0x0000000082aba7e8,0x0000000087480000)
 Metaspace       used 37116K, capacity 37772K, committed 37848K, reserved 1081344K
  class space    used 4903K, capacity 5064K, committed 5120K, reserved 1048576K
Event: 13.235 GC heap after
Heap after GC invocations=12 (full 2):
 PSYoungGen      total 430592K, used 9957K [0x00000000d5c00000, 0x00000000f2580000, 0x0000000100000000)
  eden space 420352K, 0% used [0x00000000d5c00000,0x00000000d5c00000,0x00000000ef680000)
  from space 10240K, 97% used [0x00000000f1b80000,0x00000000f25394a8,0x00000000f2580000)
  to   space 16896K, 0% used [0x00000000f0480000,0x00000000f0480000,0x00000000f1500000)
 ParOldGen       total 98816K, used 23281K [0x0000000081400000, 0x0000000087480000, 0x00000000d5c00000)
  object space 98816K, 23% used [0x0000000081400000,0x0000000082abc7e8,0x0000000087480000)
 Metaspace       used 37116K, capacity 37772K, committed 37848K, reserved 1081344K
  class space    used 4903K, capacity 5064K, committed 5120K, reserved 1048576K
}

